SQLSTATE[HY000] [1049] Unknown database 'campionato' -- 2025-02-13 10:48:58
SQLSTATE[HY000] [1049] Unknown database 'campionato' -- 2025-02-13 10:49:31
SQLSTATE[HY000] [1049] Unknown database 'campionato' -- 2025-02-13 10:50:35
SQLSTATE[HY000] [1049] Unknown database 'campionato' -- 2025-02-13 10:51:13
SQLSTATE[HY000] [1049] Unknown database 'campionato' -- 2025-02-13 10:51:36
SQLSTATE[HY000] [1049] Unknown database 'campionato' -- 2025-02-13 10:51:48
SQLSTATE[HY000] [1049] Unknown database 'campionato' -- 2025-02-13 10:52:19
SQLSTATE[HY000] [1049] Unknown database 'campionato' -- 2025-02-13 10:52:38
SQLSTATE[HY000] [1049] Unknown database 'campionato' -- 2025-02-13 10:53:11
SQLSTATE[HY000] [1049] Unknown database 'campionato' -- 2025-02-13 10:55:07
SQLSTATE[HY000] [1049] Unknown database 'campionato' -- 2025-02-13 10:59:55
SQLSTATE[42S02]: Base table or view not found: 1146 Table 'e_commerce.utenti' doesn't exist -- 2025-03-20 11:39:09
SQLSTATE[42S02]: Base table or view not found: 1146 Table 'e_commerce.utenti' doesn't exist -- 2025-03-20 11:39:27
SQLSTATE[42S02]: Base table or view not found: 1146 Table 'e_commerce.utenti' doesn't exist -- 2025-03-20 11:39:39
SQLSTATE[42S22]: Column not found: 1054 Unknown column 'username' in 'where clause' -- 2025-03-20 11:43:52
SQLSTATE[42S22]: Column not found: 1054 Unknown column 'username' in 'where clause' -- 2025-03-20 11:45:37
SQLSTATE[42S22]: Column not found: 1054 Unknown column 'username' in 'where clause' -- 2025-03-20 11:48:47
SQLSTATE[HY000] [1049] Unknown database 'corriere' -- 2025-03-20 14:36:50
SQLSTATE[23000]: Integrity constraint violation: 1048 Column 'id_mittente' cannot be null -- 2025-03-20 16:03:09
SQLSTATE[23000]: Integrity constraint violation: 1048 Column 'id_mittente' cannot be null -- 2025-03-20 16:03:18
SQLSTATE[23000]: Integrity constraint violation: 1062 Duplicate entry '0' for key 'codice' -- 2025-03-20 16:05:51
SQLSTATE[42S02]: Base table or view not found: 1146 Table 'negozio.clienti' doesn't exist -- 2025-03-27 10:27:56
SQLSTATE[42S02]: Base table or view not found: 1146 Table 'negozio.clienti' doesn't exist -- 2025-03-27 10:28:04
